Arguments: 
  /usr/local/Cellar/node/14.9.0/bin/node /usr/local/Cellar/yarn/1.22.5/libexec/bin/yarn.js add browser-sync superstatatic

PATH: 
  /Users/jennymalmefeldt/.rvm/gems/ruby-2.7.0/bin:/Users/jennymalmefeldt/.rvm/gems/ruby-2.7.0@global/bin:/Users/jennymalmefeldt/.rvm/rubies/ruby-2.7.0/bin:/usr/local/bin:/usr/bin:/bin:/usr/sbin:/sbin:/Library/Apple/usr/bin:/Users/jennymalmefeldt/.rvm/bin

Yarn version: 
  1.22.5

Node version: 
  14.9.0

Platform: 
  darwin x64

Trace: 
  Error: https://registry.yarnpkg.com/superstatatic: Not found
      at Request.params.callback [as _callback] (/usr/local/Cellar/yarn/1.22.5/libexec/lib/cli.js:66988:18)
      at Request.self.callback (/usr/local/Cellar/yarn/1.22.5/libexec/lib/cli.js:140749:22)
      at Request.emit (events.js:314:20)
      at Request.<anonymous> (/usr/local/Cellar/yarn/1.22.5/libexec/lib/cli.js:141721:10)
      at Request.emit (events.js:314:20)
      at IncomingMessage.<anonymous> (/usr/local/Cellar/yarn/1.22.5/libexec/lib/cli.js:141643:12)
      at Object.onceWrapper (events.js:420:28)
      at IncomingMessage.emit (events.js:326:22)
      at endReadableNT (_stream_readable.js:1244:12)
      at processTicksAndRejections (internal/process/task_queues.js:80:21)

npm manifest: 
  {
    "name": "books_api_client",
    "version": "1.0.0",
    "main": "index.js",
    "license": "MIT"
  }

yarn manifest: 
  No manifest

Lockfile: 
  No lockfile
